hidp/app/build/outputs/logs/manifest-merger-debug-report.txt
-- Merging decision tree log ---
manifest
ADDED from src\main\AndroidManifest.xml:1:1-188:12
	package
		ADDED from src\main\AndroidManifest.xml:2:5-46
		INJECTED from src\main\AndroidManifest.xml
		INJECTED from src\main\AndroidManifest.xml
	android:versionName
		ADDED from src\main\AndroidManifest.xml:4:5-30
		INJECTED from src\main\AndroidManifest.xml
		INJECTED from src\main\AndroidManifest.xml
	android:versionCode
		ADDED from src\main\AndroidManifest.xml:3:5-28
		INJECTED from src\main\AndroidManifest.xml
		INJECTED from src\main\AndroidManifest.xml
	xmlns:android
		ADDED from src\main\AndroidManifest.xml:1:11-69
uses-sdk
ADDED from src\main\AndroidManifest.xml:6:5-8:41
MERGED from [com.android.support:appcompat-v7:25.3.1] AndroidManifest.xml:21:5-23:78
MERGED from [com.android.support:support-v4:25.3.1] AndroidManifest.xml:21:5-23:54
MERGED from [com.android.support:support-compat:25.3.1] AndroidManifest.xml:21:5-23:58
MERGED from [com.android.support:support-media-compat:25.3.1] AndroidManifest.xml:21:5-23:63
MERGED from [com.android.support:support-core-utils:25.3.1] AndroidManifest.xml:21:5-23:61
MERGED from [com.android.support:support-core-ui:25.3.1] AndroidManifest.xml:21:5-23:58
MERGED from [com.android.support:support-fragment:25.3.1] AndroidManifest.xml:21:5-23:60
MERGED from [com.android.support:support-vector-drawable:25.3.1] AndroidManifest.xml:20:5-43
MERGED from [com.android.support:animated-vector-drawable:25.3.1] AndroidManifest.xml:20:5-44
	tools:overrideLibrary
		ADDED from [com.android.support:appcompat-v7:25.3.1] AndroidManifest.xml:23:9-75
	android:targetSdkVersion
		ADDED from src\main\AndroidManifest.xml:8:9-38
		INJECTED from src\main\AndroidManifest.xml
		INJECTED from src\main\AndroidManifest.xml
	android:minSdkVersion
		ADDED from src\main\AndroidManifest.xml:7:9-35
		INJECTED from src\main\AndroidManifest.xml
		INJECTED from src\main\AndroidManifest.xml
instrumentation
ADDED from src\main\AndroidManifest.xml:10:5-13:67
	android:label
		ADDED from src\main\AndroidManifest.xml:12:9-66
	android:targetPackage
		ADDED from src\main\AndroidManifest.xml:13:9-64
	android:name
		ADDED from src\main\AndroidManifest.xml:11:9-62
uses-permission#android.permission.RECORD_AUDIO
ADDED from src\main\AndroidManifest.xml:15:5-71
	android:name
		ADDED from src\main\AndroidManifest.xml:15:22-68
uses-permission#android.permission.ACCESS_NETWORK_STATE
ADDED from src\main\AndroidManifest.xml:16:5-79
	android:name
		ADDED from src\main\AndroidManifest.xml:16:22-76
uses-permission#android.permission.INTERNET
ADDED from src\main\AndroidManifest.xml:17:5-67
	android:name
		ADDED from src\main\AndroidManifest.xml:17:22-64
uses-permission#android.permission.READ_PHONE_STATE
ADDED from src\main\AndroidManifest.xml:18:5-75
	android:name
		ADDED from src\main\AndroidManifest.xml:18:22-72
uses-permission#android.permission.WRITE_EXTERNAL_STORAGE
ADDED from src\main\AndroidManifest.xml:19:5-81
	android:name
		ADDED from src\main\AndroidManifest.xml:19:22-78
application
ADDED from src\main\AndroidManifest.xml:21:5-187:19
MERGED from [com.android.support:appcompat-v7:25.3.1] AndroidManifest.xml:29:5-20
MERGED from [com.android.support:support-v4:25.3.1] AndroidManifest.xml:29:5-20
MERGED from [com.android.support:support-compat:25.3.1] AndroidManifest.xml:29:5-20
MERGED from [com.android.support:support-media-compat:25.3.1] AndroidManifest.xml:29:5-20
MERGED from [com.android.support:support-core-utils:25.3.1] AndroidManifest.xml:29:5-20
MERGED from [com.android.support:support-core-ui:25.3.1] AndroidManifest.xml:29:5-20
MERGED from [com.android.support:support-fragment:25.3.1] AndroidManifest.xml:29:5-20
MERGED from [com.android.support:support-vector-drawable:25.3.1] AndroidManifest.xml:26:5-20
MERGED from [com.android.support:animated-vector-drawable:25.3.1] AndroidManifest.xml:26:5-20
	android:label
		ADDED from src\main\AndroidManifest.xml:23:9-41
	android:icon
		ADDED from src\main\AndroidManifest.xml:22:9-45
	android:theme
		ADDED from src\main\AndroidManifest.xml:24:9-40
	android:name
		ADDED from src\main\AndroidManifest.xml:25:9-84
meta-data#com.baidu.speech.APP_ID
ADDED from src\main\AndroidManifest.xml:37:9-39:40
	android:value
		ADDED from src\main\AndroidManifest.xml:39:13-37
	android:name
		ADDED from src\main\AndroidManifest.xml:38:13-51
meta-data#com.baidu.speech.API_KEY
ADDED from src\main\AndroidManifest.xml:43:9-45:56
	android:value
		ADDED from src\main\AndroidManifest.xml:45:13-53
	android:name
		ADDED from src\main\AndroidManifest.xml:44:13-52
meta-data#com.baidu.speech.SECRET_KEY
ADDED from src\main\AndroidManifest.xml:46:9-48:64
	android:value
		ADDED from src\main\AndroidManifest.xml:48:13-61
	android:name
		ADDED from src\main\AndroidManifest.xml:47:13-55
service#com.baidu.speech.VoiceRecognitionService
ADDED from src\main\AndroidManifest.xml:49:9-51:40
	android:exported
		ADDED from src\main\AndroidManifest.xml:51:13-37
	android:name
		ADDED from src\main\AndroidManifest.xml:50:13-68
activity#com.baidu.android.voicedemo.activity.ActivityMain
ADDED from src\main\AndroidManifest.xml:52:9-61:20
	android:screenOrientation
		ADDED from src\main\AndroidManifest.xml:55:13-49
	android:configChanges
		ADDED from src\main\AndroidManifest.xml:54:13-76
	android:theme
		ADDED from src\main\AndroidManifest.xml:56:13-69
	android:name
		ADDED from src\main\AndroidManifest.xml:53:13-77
intent-filter#android.intent.action.MAIN+android.intent.category.LAUNCHER
ADDED from src\main\AndroidManifest.xml:57:13-60:29
action#android.intent.action.MAIN
ADDED from src\main\AndroidManifest.xml:58:17-69
	android:name
		ADDED from src\main\AndroidManifest.xml:58:25-66
category#android.intent.category.LAUNCHER
ADDED from src\main\AndroidManifest.xml:59:17-77
	android:name
		ADDED from src\main\AndroidManifest.xml:59:27-74
activity#com.baidu.android.voicedemo.activity.ActivityOnline
ADDED from src\main\AndroidManifest.xml:62:9-71:20
	android:screenOrientation
		ADDED from src\main\AndroidManifest.xml:66:13-49
	android:label
		ADDED from src\main\AndroidManifest.xml:65:13-33
	android:configChanges
		ADDED from src\main\AndroidManifest.xml:64:13-76
	android:name
		ADDED from src\main\AndroidManifest.xml:63:13-79
intent-filter#android.intent.action.MAIN+com.baidu.speech.recognizerdemo.intent.category.SAMPLE_CODE
ADDED from src\main\AndroidManifest.xml:67:13-70:29
category#com.baidu.speech.recognizerdemo.intent.category.SAMPLE_CODE
ADDED from src\main\AndroidManifest.xml:69:17-104
	android:name
		ADDED from src\main\AndroidManifest.xml:69:27-101
activity#com.baidu.android.voicedemo.activity.ActivityOffline
ADDED from src\main\AndroidManifest.xml:72:9-81:20
	android:screenOrientation
		ADDED from src\main\AndroidManifest.xml:76:13-49
	android:label
		ADDED from src\main\AndroidManifest.xml:75:13-34
	android:configChanges
		ADDED from src\main\AndroidManifest.xml:74:13-76
	android:name
		ADDED from src\main\AndroidManifest.xml:73:13-80
activity#com.baidu.android.voicedemo.activity.ActivityNlu
ADDED from src\main\AndroidManifest.xml:82:9-91:20
	android:screenOrientation
		ADDED from src\main\AndroidManifest.xml:86:13-49
	android:label
		ADDED from src\main\AndroidManifest.xml:85:13-40
	android:configChanges
		ADDED from src\main\AndroidManifest.xml:84:13-76
	android:name
		ADDED from src\main\AndroidManifest.xml:83:13-76
activity#com.baidu.android.voicedemo.activity.ActivityAllRecog
ADDED from src\main\AndroidManifest.xml:92:9-101:20
	android:screenOrientation
		ADDED from src\main\AndroidManifest.xml:96:13-49
	android:label
		ADDED from src\main\AndroidManifest.xml:95:13-35
	android:configChanges
		ADDED from src\main\AndroidManifest.xml:94:13-76
	android:name
		ADDED from src\main\AndroidManifest.xml:93:13-81
activity#com.baidu.android.voicedemo.activity.ActivityWakeUp
ADDED from src\main\AndroidManifest.xml:102:9-111:20
	android:screenOrientation
		ADDED from src\main\AndroidManifest.xml:106:13-49
	android:label
		ADDED from src\main\AndroidManifest.xml:105:13-32
	android:configChanges
		ADDED from src\main\AndroidManifest.xml:104:13-76
	android:name
		ADDED from src\main\AndroidManifest.xml:103:13-79
activity#com.baidu.android.voicedemo.activity.ActivityWakeUpRecog
ADDED from src\main\AndroidManifest.xml:112:9-121:20
	android:screenOrientation
		ADDED from src\main\AndroidManifest.xml:116:13-49
	android:label
		ADDED from src\main\AndroidManifest.xml:115:13-34
	android:configChanges
		ADDED from src\main\AndroidManifest.xml:114:13-76
	android:name
		ADDED from src\main\AndroidManifest.xml:113:13-84
activity#com.baidu.android.voicedemo.activity.mini.ActivityMiniRecog
ADDED from src\main\AndroidManifest.xml:122:9-131:20
	android:screenOrientation
		ADDED from src\main\AndroidManifest.xml:126:13-49
	android:label
		ADDED from src\main\AndroidManifest.xml:125:13-34
	android:configChanges
		ADDED from src\main\AndroidManifest.xml:124:13-76
	android:name
		ADDED from src\main\AndroidManifest.xml:123:13-87
activity#com.baidu.android.voicedemo.activity.ActivityUiDialog
ADDED from src\main\AndroidManifest.xml:132:9-141:20
	android:screenOrientation
		ADDED from src\main\AndroidManifest.xml:136:13-49
	android:label
		ADDED from src\main\AndroidManifest.xml:135:13-36
	android:configChanges
		ADDED from src\main\AndroidManifest.xml:134:13-76
	android:name
		ADDED from src\main\AndroidManifest.xml:133:13-81
activity#com.baidu.android.voicedemo.activity.mini.ActivityMiniWakeUp
ADDED from src\main\AndroidManifest.xml:142:9-151:20
	android:screenOrientation
		ADDED from src\main\AndroidManifest.xml:146:13-49
	android:label
		ADDED from src\main\AndroidManifest.xml:145:13-35
	android:configChanges
		ADDED from src\main\AndroidManifest.xml:144:13-76
	android:name
		ADDED from src\main\AndroidManifest.xml:143:13-88
activity#com.baidu.voicerecognition.android.ui.BaiduASRDigitalDialog
ADDED from src\main\AndroidManifest.xml:152:9-162:20
	android:screenOrientation
		ADDED from src\main\AndroidManifest.xml:157:13-49
	android:exported
		ADDED from src\main\AndroidManifest.xml:156:13-37
	android:configChanges
		ADDED from src\main\AndroidManifest.xml:154:13-76
	android:theme
		ADDED from src\main\AndroidManifest.xml:155:13-56
	android:name
		ADDED from src\main\AndroidManifest.xml:153:13-87
intent-filter#android.intent.category.DEFAULT+com.baidu.action.RECOGNIZE_SPEECH
ADDED from src\main\AndroidManifest.xml:158:13-161:29
action#com.baidu.action.RECOGNIZE_SPEECH
ADDED from src\main\AndroidManifest.xml:159:17-76
	android:name
		ADDED from src\main\AndroidManifest.xml:159:25-73
category#android.intent.category.DEFAULT
ADDED from src\main\AndroidManifest.xml:160:17-76
	android:name
		ADDED from src\main\AndroidManifest.xml:160:27-73
activity#com.baidu.android.voicedemo.activity.setting.OnlineSetting
ADDED from src\main\AndroidManifest.xml:163:9-168:61
	android:screenOrientation
		ADDED from src\main\AndroidManifest.xml:168:13-49
	android:label
		ADDED from src\main\AndroidManifest.xml:166:13-35
	android:configChanges
		ADDED from src\main\AndroidManifest.xml:165:13-76
	android:theme
		ADDED from src\main\AndroidManifest.xml:167:13-69
	android:name
		ADDED from src\main\AndroidManifest.xml:164:13-86
activity#com.baidu.android.voicedemo.activity.setting.OfflineSetting
ADDED from src\main\AndroidManifest.xml:169:9-174:61
	android:screenOrientation
		ADDED from src\main\AndroidManifest.xml:174:13-49
	android:label
		ADDED from src\main\AndroidManifest.xml:172:13-36
	android:configChanges
		ADDED from src\main\AndroidManifest.xml:171:13-76
	android:theme
		ADDED from src\main\AndroidManifest.xml:173:13-69
	android:name
		ADDED from src\main\AndroidManifest.xml:170:13-87
activity#com.baidu.android.voicedemo.activity.setting.NluSetting
ADDED from src\main\AndroidManifest.xml:175:9-180:61
	android:screenOrientation
		ADDED from src\main\AndroidManifest.xml:180:13-49
	android:label
		ADDED from src\main\AndroidManifest.xml:178:13-33
	android:configChanges
		ADDED from src\main\AndroidManifest.xml:177:13-76
	android:theme
		ADDED from src\main\AndroidManifest.xml:179:13-69
	android:name
		ADDED from src\main\AndroidManifest.xml:176:13-83
activity#com.baidu.android.voicedemo.activity.setting.AllSetting
ADDED from src\main\AndroidManifest.xml:181:9-186:61
	android:screenOrientation
		ADDED from src\main\AndroidManifest.xml:186:13-49
	android:label
		ADDED from src\main\AndroidManifest.xml:184:13-35
	android:configChanges
		ADDED from src\main\AndroidManifest.xml:183:13-76
	android:theme
		ADDED from src\main\AndroidManifest.xml:185:13-69
	android:name
		ADDED from src\main\AndroidManifest.xml:182:13-83
meta-data#android.support.VERSION
ADDED from [com.android.support:appcompat-v7:25.3.1] AndroidManifest.xml:25:5-27:34
MERGED from [com.android.support:support-v4:25.3.1] AndroidManifest.xml:25:5-27:34
MERGED from [com.android.support:support-compat:25.3.1] AndroidManifest.xml:25:5-27:34
MERGED from [com.android.support:support-media-compat:25.3.1] AndroidManifest.xml:25:5-27:34
MERGED from [com.android.support:support-core-utils:25.3.1] AndroidManifest.xml:25:5-27:34
MERGED from [com.android.support:support-core-ui:25.3.1] AndroidManifest.xml:25:5-27:34
MERGED from [com.android.support:support-fragment:25.3.1] AndroidManifest.xml:25:5-27:34
MERGED from [com.android.support:support-vector-drawable:25.3.1] AndroidManifest.xml:22:5-24:34
MERGED from [com.android.support:animated-vector-drawable:25.3.1] AndroidManifest.xml:22:5-24:34
	android:value
		ADDED from [com.android.support:appcompat-v7:25.3.1] AndroidManifest.xml:27:9-31
	android:name
		ADDED from [com.android.support:appcompat-v7:25.3.1] AndroidManifest.xml:26:9-47